<?xml version="1.0" encoding="UTF-8"?>
<!-- Generated by org.testng.reporters.JUnitReportReporter -->
<testsuite hostname="DESKTOP-BHM6V9T" failures="0" tests="1" name="MainPackage.NewToursRegistration" time="43.073" errors="0" timestamp="01 Jun 2019 12:05:46 GMT" skipped="0">
  <testcase classname="MainPackage.NewToursRegistration" name="OpenWeb" time="43.073"/>
</testsuite> <!-- MainPackage.NewToursRegistration -->
