<?xml version="1.0" encoding="UTF-8"?>
<!-- Generated by org.testng.reporters.JUnitReportReporter -->
<testsuite hostname="DESKTOP-BHM6V9T" failures="0" tests="1" name="MainPackage.ReadExcel" time="191.189" errors="0" timestamp="16 Jun 2019 14:35:31 GMT" skipped="0">
  <testcase classname="MainPackage.ReadExcel" name="read" time="191.189"/>
</testsuite> <!-- MainPackage.ReadExcel -->
