<?xml version="1.0" encoding="UTF-8"?>
<!-- Generated by org.testng.reporters.JUnitReportReporter -->
<testsuite hostname="DESKTOP-BHM6V9T" failures="0" tests="1" name="mainPackage.ReadExcel2" time="1.321" errors="0" timestamp="20 Jun 2019 19:56:26 GMT" skipped="0">
  <testcase classname="mainPackage.ReadExcel2" name="read" time="1.321"/>
</testsuite> <!-- mainPackage.ReadExcel2 -->
